<?xml version="1.0" encoding="UTF-8"?>
<!-- Generated by org.testng.reporters.JUnitReportReporter -->
<testsuite skipped="0" hostname="DESKTOP-0C6QHMM" name="com.abc.orageHRM.Test.LoginPageTest" tests="2" failures="0" timestamp="2022-03-28T11:11:17 IST" time="6.160" errors="0">
  <testcase name="TC2" time="3.300" classname="com.abc.orageHRM.Test.LoginPageTest"/>
  <system-out/>
  <testcase name="TC1" time="2.860" classname="com.abc.orageHRM.Test.LoginPageTest"/>
  <system-out/>
</testsuite> <!-- com.abc.orageHRM.Test.LoginPageTest -->
